生成启动时间为 2019/9/17 16:43:25。
     1>项目“D:\Project\vs2010\Algorithm_Course_Princeton\w3_4_shuffling\w3_4_shuffling.vcxproj”在节点 2 上(build 个目标)。
     1>InitializeBuildStatus:
         正在创建“Debug\w3_4_shuffling.unsuccessfulbuild”，因为已指定“AlwaysCreate”。
       ClCompile:
         所有输出均为最新。
         C:\Program Files (x86)\Microsoft Visual Studio 10.0\VC\bin\CL.exe /c /I"C:\Program Files (x86)\Visual Leak Detector\include" /ZI /nologo /W3 /WX- /Od /Oy- /D WIN32 /D _DEBUG /D _CONSOLE /D _UNICODE /D UNICODE /Gm /EHsc /RTC1 /MDd /GS /fp:precise /Zc:wchar_t /Zc:forScope /Yu"StdAfx.h" /Fp"Debug\w3_4_shuffling.pch" /Fo"Debug\\" /Fd"Debug\vc100.pdb" /Gd /TP /analyze- /errorReport:prompt w3_4_shuffling.cpp
         w3_4_shuffling.cpp
     1>d:\project\vs2010\algorithm_course_princeton\w3_4_shuffling\w3_4_shuffling.cpp(22): warning C4018: “<”: 有符号/无符号不匹配
       ManifestResourceCompile:
         所有输出均为最新。
       Link:
         C:\Program Files (x86)\Microsoft Visual Studio 10.0\VC\bin\link.exe /ERRORREPORT:PROMPT /OUT:"D:\Project\vs2010\Algorithm_Course_Princeton\Debug\w3_4_shuffling.exe" /INCREMENTAL /NOLOGO /LIBPATH:"C:\Program Files (x86)\Visual Leak Detector\lib\Win32" kernel32.lib user32.lib gdi32.lib winspool.lib comdlg32.lib advapi32.lib shell32.lib ole32.lib oleaut32.lib uuid.lib odbc32.lib odbccp32.lib /MANIFEST /ManifestFile:"Debug\w3_4_shuffling.exe.intermediate.manifest" /MANIFESTUAC:"level='asInvoker' uiAccess='false'" /DEBUG /PDB:"D:\Project\vs2010\Algorithm_Course_Princeton\Debug\w3_4_shuffling.pdb" /SUBSYSTEM:CONSOLE /TLBID:1 /DYNAMICBASE /NXCOMPAT /IMPLIB:"D:\Project\vs2010\Algorithm_Course_Princeton\Debug\w3_4_shuffling.lib" /MACHINE:X86 Debug\w3_4_shuffling.exe.embed.manifest.res
         Debug\stdafx.obj
         Debug\w3_4_shuffling.obj
       Manifest:
         C:\Program Files (x86)\Microsoft SDKs\Windows\v7.0A\bin\mt.exe /nologo /verbose /out:"Debug\w3_4_shuffling.exe.embed.manifest" /manifest Debug\w3_4_shuffling.exe.intermediate.manifest
         所有输出均为最新。
       LinkEmbedManifest:
         所有输出均为最新。
         w3_4_shuffling.vcxproj -> D:\Project\vs2010\Algorithm_Course_Princeton\Debug\w3_4_shuffling.exe
       FinalizeBuildStatus:
         正在删除文件“Debug\w3_4_shuffling.unsuccessfulbuild”。
         正在对“Debug\w3_4_shuffling.lastbuildstate”执行 Touch 任务。
     1>已完成生成项目“D:\Project\vs2010\Algorithm_Course_Princeton\w3_4_shuffling\w3_4_shuffling.vcxproj”(build 个目标)的操作。

生成成功。

已用时间 00:00:01.27
