d:\project\vs2010\algorithm_course_princeton\week1_quickfind\week1_quickunion_lazy\debug\week1_quickunion_lazy.pch
d:\project\vs2010\algorithm_course_princeton\week1_quickfind\week1_quickunion_lazy\debug\stdafx.obj
d:\project\vs2010\algorithm_course_princeton\week1_quickfind\week1_quickunion_lazy\debug\vc100.pdb
d:\project\vs2010\algorithm_course_princeton\week1_quickfind\week1_quickunion_lazy\debug\week1_quickunion_lazy.obj
d:\project\vs2010\algorithm_course_princeton\week1_quickunion_lazy\debug\w1_2_quickunion_lazy.pch
d:\project\vs2010\algorithm_course_princeton\week1_quickunion_lazy\debug\stdafx.obj
d:\project\vs2010\algorithm_course_princeton\week1_quickunion_lazy\debug\vc100.pdb
d:\project\vs2010\algorithm_course_princeton\week1_quickunion_lazy\debug\week1_quickunion_lazy.obj
d:\project\vs2010\algorithm_course_princeton\week1_quickfind\debug\week1_quickunion_lazy.ilk
d:\project\vs2010\algorithm_course_princeton\week1_quickfind\debug\week1_quickunion_lazy.exe
d:\project\vs2010\algorithm_course_princeton\week1_quickfind\week1_quickunion_lazy\debug\week1_quickunion_lazy.exe.intermediate.manifest
d:\project\vs2010\algorithm_course_princeton\week1_quickfind\debug\week1_quickunion_lazy.pdb
d:\project\vs2010\algorithm_course_princeton\debug\w1_2_quickunion_lazy.ilk
d:\project\vs2010\algorithm_course_princeton\debug\w1_2_quickunion_lazy.exe
d:\project\vs2010\algorithm_course_princeton\week1_quickunion_lazy\debug\w1_2_quickunion_lazy.exe.intermediate.manifest
d:\project\vs2010\algorithm_course_princeton\debug\w1_2_quickunion_lazy.pdb
d:\project\vs2010\algorithm_course_princeton\week1_quickfind\week1_quickunion_lazy\debug\week1_quickunion_lazy.exe.embed.manifest
d:\project\vs2010\algorithm_course_princeton\week1_quickunion_lazy\debug\w1_2_quickunion_lazy.exe.embed.manifest
d:\project\vs2010\algorithm_course_princeton\week1_quickfind\week1_quickunion_lazy\debug\week1_quickunion_lazy.exe.embed.manifest.res
d:\project\vs2010\algorithm_course_princeton\week1_quickunion_lazy\debug\w1_2_quickunion_lazy.exe.embed.manifest.res
e:\2.software\learning_reading\algorithm_princeton\algorithm_course_princeton\week1_quickunion_lazy\debug\w1_2_quickunion_lazy.pch
e:\2.software\learning_reading\algorithm_princeton\algorithm_course_princeton\week1_quickunion_lazy\debug\vc142.pdb
e:\2.software\learning_reading\algorithm_princeton\algorithm_course_princeton\week1_quickunion_lazy\debug\vc142.idb
e:\2.software\learning_reading\algorithm_princeton\algorithm_course_princeton\week1_quickunion_lazy\debug\stdafx.obj
e:\2.software\learning_reading\algorithm_princeton\algorithm_course_princeton\week1_quickunion_lazy\debug\week1_quickunion_lazy.obj
e:\2.software\learning_reading\algorithm_princeton\algorithm_course_princeton\debug\w1_2_quickunion_lazy.ilk
e:\2.software\learning_reading\algorithm_princeton\algorithm_course_princeton\debug\w1_2_quickunion_lazy.exe
e:\2.software\learning_reading\algorithm_princeton\algorithm_course_princeton\debug\w1_2_quickunion_lazy.pdb
e:\2.software\learning_reading\algorithm_princeton\algorithm_course_princeton\week1_quickunion_lazy\debug\week1_quickunion_lazy.vcxprojresolveassemblyreference.cache
e:\2.software\learning_reading\algorithm_princeton\algorithm_course_princeton\week1_quickunion_lazy\debug\cl.command.1.tlog
e:\2.software\learning_reading\algorithm_princeton\algorithm_course_princeton\week1_quickunion_lazy\debug\cl.read.1.tlog
e:\2.software\learning_reading\algorithm_princeton\algorithm_course_princeton\week1_quickunion_lazy\debug\cl.write.1.tlog
e:\2.software\learning_reading\algorithm_princeton\algorithm_course_princeton\week1_quickunion_lazy\debug\link-cvtres.read.1.tlog
e:\2.software\learning_reading\algorithm_princeton\algorithm_course_princeton\week1_quickunion_lazy\debug\link-cvtres.write.1.tlog
e:\2.software\learning_reading\algorithm_princeton\algorithm_course_princeton\week1_quickunion_lazy\debug\link.12092-cvtres.read.1.tlog
e:\2.software\learning_reading\algorithm_princeton\algorithm_course_princeton\week1_quickunion_lazy\debug\link.12092-cvtres.write.1.tlog
e:\2.software\learning_reading\algorithm_princeton\algorithm_course_princeton\week1_quickunion_lazy\debug\link.12092.read.1.tlog
e:\2.software\learning_reading\algorithm_princeton\algorithm_course_princeton\week1_quickunion_lazy\debug\link.12092.write.1.tlog
e:\2.software\learning_reading\algorithm_princeton\algorithm_course_princeton\week1_quickunion_lazy\debug\link.4492-cvtres.read.1.tlog
e:\2.software\learning_reading\algorithm_princeton\algorithm_course_princeton\week1_quickunion_lazy\debug\link.4492-cvtres.write.1.tlog
e:\2.software\learning_reading\algorithm_princeton\algorithm_course_princeton\week1_quickunion_lazy\debug\link.4492.read.1.tlog
e:\2.software\learning_reading\algorithm_princeton\algorithm_course_princeton\week1_quickunion_lazy\debug\link.4492.write.1.tlog
e:\2.software\learning_reading\algorithm_princeton\algorithm_course_princeton\week1_quickunion_lazy\debug\link.command.1.tlog
e:\2.software\learning_reading\algorithm_princeton\algorithm_course_princeton\week1_quickunion_lazy\debug\link.read.1.tlog
e:\2.software\learning_reading\algorithm_princeton\algorithm_course_princeton\week1_quickunion_lazy\debug\link.write.1.tlog
e:\2.software\learning_reading\algorithm_princeton\algorithm_course_princeton\week1_quickunion_lazy\debug\mt.command.1.tlog
e:\2.software\learning_reading\algorithm_princeton\algorithm_course_princeton\week1_quickunion_lazy\debug\mt.read.1.tlog
e:\2.software\learning_reading\algorithm_princeton\algorithm_course_princeton\week1_quickunion_lazy\debug\mt.write.1.tlog
e:\2.software\learning_reading\algorithm_princeton\algorithm_course_princeton\week1_quickunion_lazy\debug\rc.command.1.tlog
e:\2.software\learning_reading\algorithm_princeton\algorithm_course_princeton\week1_quickunion_lazy\debug\rc.read.1.tlog
e:\2.software\learning_reading\algorithm_princeton\algorithm_course_princeton\week1_quickunion_lazy\debug\rc.write.1.tlog
e:\2.software\learning_reading\algorithm_princeton\algorithm_course_princeton\week1_quickunion_lazy\debug\w1_2_quickunion_lazy.write.1.tlog
e:\2.software\learning_reading\algorithm_princeton\algorithm_course_princeton\week1_quickunion_lazy\debug\week1_quickunion_lazy.write.1.tlog
e:\2.software\learning_reading\algorithm_princeton\algorithm_course_princeton\week1_quickunion_lazy\debug\w1_2_quickunion_lazy.exe.embed.manifest
e:\2.software\learning_reading\algorithm_princeton\algorithm_course_princeton\week1_quickunion_lazy\debug\w1_2_quickunion_lazy.exe.intermediate.manifest
e:\2.software\learning_reading\algorithm_princeton\algorithm_course_princeton\week1_quickunion_lazy\debug\week1_quickunion_lazy.exe.embed.manifest
e:\2.software\learning_reading\algorithm_princeton\algorithm_course_princeton\week1_quickunion_lazy\debug\week1_quickunion_lazy.exe.intermediate.manifest
e:\2.software\learning_reading\algorithm_princeton\algorithm_course_princeton\week1_quickunion_lazy\debug\w1_2_quickunion_lazy.exe.embed.manifest.res
e:\2.software\learning_reading\algorithm_princeton\algorithm_course_princeton\week1_quickunion_lazy\debug\week1_quickunion_lazy.exe.embed.manifest.res
e:\2.software\learning_reading\algorithm_princeton\algorithm_course_princeton\week1_quickunion_lazy\debug\vc100.idb
e:\2.software\learning_reading\algorithm_princeton\algorithm_course_princeton\week1_quickunion_lazy\debug\vc100.pdb
e:\2.software\learning_reading\algorithm_princeton\algorithm_course_princeton\week1_quickunion_lazy\debug\w1_2_quickunion_lazy_manifest.rc
e:\2.software\learning_reading\algorithm_princeton\algorithm_course_princeton\week1_quickunion_lazy\debug\week1_quickunion_lazy_manifest.rc
e:\2.software\learning_reading\algorithm_princeton\algorithm_course_princeton\week1_quickunion_lazy\debug\w1_2_qui.a3293d6c.tlog\cl.command.1.tlog
e:\2.software\learning_reading\algorithm_princeton\algorithm_course_princeton\week1_quickunion_lazy\debug\w1_2_qui.a3293d6c.tlog\cl.read.1.tlog
e:\2.software\learning_reading\algorithm_princeton\algorithm_course_princeton\week1_quickunion_lazy\debug\w1_2_qui.a3293d6c.tlog\cl.write.1.tlog
e:\2.software\learning_reading\algorithm_princeton\algorithm_course_princeton\week1_quickunion_lazy\debug\w1_2_qui.a3293d6c.tlog\link.command.1.tlog
e:\2.software\learning_reading\algorithm_princeton\algorithm_course_princeton\week1_quickunion_lazy\debug\w1_2_qui.a3293d6c.tlog\link.delete.1.tlog
e:\2.software\learning_reading\algorithm_princeton\algorithm_course_princeton\week1_quickunion_lazy\debug\w1_2_qui.a3293d6c.tlog\link.read.1.tlog
e:\2.software\learning_reading\algorithm_princeton\algorithm_course_princeton\week1_quickunion_lazy\debug\w1_2_qui.a3293d6c.tlog\link.write.1.tlog
