d:\project\vs2010\algorithm_course_princeton\week1_quickfind\week1_quickfind\debug\week1_quickfind.pch
d:\project\vs2010\algorithm_course_princeton\week1_quickfind\week1_quickfind\debug\stdafx.obj
d:\project\vs2010\algorithm_course_princeton\week1_quickfind\week1_quickfind\debug\vc100.pdb
d:\project\vs2010\algorithm_course_princeton\week1_quickfind\week1_quickfind\debug\week1_quickfind.obj
d:\project\vs2010\algorithm_course_princeton\week1_quickfind\debug\w1_1_quickfind.pch
d:\project\vs2010\algorithm_course_princeton\week1_quickfind\debug\stdafx.obj
d:\project\vs2010\algorithm_course_princeton\week1_quickfind\debug\vc100.pdb
d:\project\vs2010\algorithm_course_princeton\week1_quickfind\debug\week1_quickfind.obj
d:\project\vs2010\algorithm_course_princeton\week1_quickfind\debug\week1_quickfind.ilk
d:\project\vs2010\algorithm_course_princeton\week1_quickfind\debug\week1_quickfind.exe
d:\project\vs2010\algorithm_course_princeton\week1_quickfind\week1_quickfind\debug\week1_quickfind.exe.intermediate.manifest
d:\project\vs2010\algorithm_course_princeton\week1_quickfind\debug\week1_quickfind.pdb
d:\project\vs2010\algorithm_course_princeton\debug\w1_1_quickfind.ilk
d:\project\vs2010\algorithm_course_princeton\debug\w1_1_quickfind.exe
d:\project\vs2010\algorithm_course_princeton\week1_quickfind\debug\w1_1_quickfind.exe.intermediate.manifest
d:\project\vs2010\algorithm_course_princeton\debug\w1_1_quickfind.pdb
d:\project\vs2010\algorithm_course_princeton\week1_quickfind\week1_quickfind\debug\week1_quickfind.exe.embed.manifest
d:\project\vs2010\algorithm_course_princeton\week1_quickfind\debug\w1_1_quickfind.exe.embed.manifest
d:\project\vs2010\algorithm_course_princeton\week1_quickfind\week1_quickfind\debug\week1_quickfind.exe.embed.manifest.res
d:\project\vs2010\algorithm_course_princeton\week1_quickfind\debug\w1_1_quickfind.exe.embed.manifest.res
e:\2.software\learning_reading\algorithm_princeton\algorithm_course_princeton\week1_quickfind\debug\w1_1_quickfind.pch
e:\2.software\learning_reading\algorithm_princeton\algorithm_course_princeton\week1_quickfind\debug\vc142.pdb
e:\2.software\learning_reading\algorithm_princeton\algorithm_course_princeton\week1_quickfind\debug\vc142.idb
e:\2.software\learning_reading\algorithm_princeton\algorithm_course_princeton\week1_quickfind\debug\stdafx.obj
e:\2.software\learning_reading\algorithm_princeton\algorithm_course_princeton\week1_quickfind\debug\week1_quickfind.obj
e:\2.software\learning_reading\algorithm_princeton\algorithm_course_princeton\debug\w1_1_quickfind.ilk
e:\2.software\learning_reading\algorithm_princeton\algorithm_course_princeton\debug\w1_1_quickfind.exe
e:\2.software\learning_reading\algorithm_princeton\algorithm_course_princeton\debug\w1_1_quickfind.pdb
e:\2.software\learning_reading\algorithm_princeton\algorithm_course_princeton\week1_quickfind\debug\week1_quickfind.vcxprojresolveassemblyreference.cache
e:\2.software\learning_reading\algorithm_princeton\algorithm_course_princeton\week1_quickfind\debug\cl.command.1.tlog
e:\2.software\learning_reading\algorithm_princeton\algorithm_course_princeton\week1_quickfind\debug\cl.read.1.tlog
e:\2.software\learning_reading\algorithm_princeton\algorithm_course_princeton\week1_quickfind\debug\cl.write.1.tlog
e:\2.software\learning_reading\algorithm_princeton\algorithm_course_princeton\week1_quickfind\debug\link-cvtres.read.1.tlog
e:\2.software\learning_reading\algorithm_princeton\algorithm_course_princeton\week1_quickfind\debug\link-cvtres.write.1.tlog
e:\2.software\learning_reading\algorithm_princeton\algorithm_course_princeton\week1_quickfind\debug\link.11424-cvtres.read.1.tlog
e:\2.software\learning_reading\algorithm_princeton\algorithm_course_princeton\week1_quickfind\debug\link.11424-cvtres.write.1.tlog
e:\2.software\learning_reading\algorithm_princeton\algorithm_course_princeton\week1_quickfind\debug\link.11424.read.1.tlog
e:\2.software\learning_reading\algorithm_princeton\algorithm_course_princeton\week1_quickfind\debug\link.11424.write.1.tlog
e:\2.software\learning_reading\algorithm_princeton\algorithm_course_princeton\week1_quickfind\debug\link.17188-cvtres.read.1.tlog
e:\2.software\learning_reading\algorithm_princeton\algorithm_course_princeton\week1_quickfind\debug\link.17188-cvtres.write.1.tlog
e:\2.software\learning_reading\algorithm_princeton\algorithm_course_princeton\week1_quickfind\debug\link.17188.read.1.tlog
e:\2.software\learning_reading\algorithm_princeton\algorithm_course_princeton\week1_quickfind\debug\link.17188.write.1.tlog
e:\2.software\learning_reading\algorithm_princeton\algorithm_course_princeton\week1_quickfind\debug\link.22632-cvtres.read.1.tlog
e:\2.software\learning_reading\algorithm_princeton\algorithm_course_princeton\week1_quickfind\debug\link.22632-cvtres.write.1.tlog
e:\2.software\learning_reading\algorithm_princeton\algorithm_course_princeton\week1_quickfind\debug\link.22632.read.1.tlog
e:\2.software\learning_reading\algorithm_princeton\algorithm_course_princeton\week1_quickfind\debug\link.22632.write.1.tlog
e:\2.software\learning_reading\algorithm_princeton\algorithm_course_princeton\week1_quickfind\debug\link.command.1.tlog
e:\2.software\learning_reading\algorithm_princeton\algorithm_course_princeton\week1_quickfind\debug\link.read.1.tlog
e:\2.software\learning_reading\algorithm_princeton\algorithm_course_princeton\week1_quickfind\debug\link.write.1.tlog
e:\2.software\learning_reading\algorithm_princeton\algorithm_course_princeton\week1_quickfind\debug\mt.command.1.tlog
e:\2.software\learning_reading\algorithm_princeton\algorithm_course_princeton\week1_quickfind\debug\mt.read.1.tlog
e:\2.software\learning_reading\algorithm_princeton\algorithm_course_princeton\week1_quickfind\debug\mt.write.1.tlog
e:\2.software\learning_reading\algorithm_princeton\algorithm_course_princeton\week1_quickfind\debug\rc.command.1.tlog
e:\2.software\learning_reading\algorithm_princeton\algorithm_course_princeton\week1_quickfind\debug\rc.read.1.tlog
e:\2.software\learning_reading\algorithm_princeton\algorithm_course_princeton\week1_quickfind\debug\rc.write.1.tlog
e:\2.software\learning_reading\algorithm_princeton\algorithm_course_princeton\week1_quickfind\debug\w1_1_quickfind.write.1.tlog
e:\2.software\learning_reading\algorithm_princeton\algorithm_course_princeton\week1_quickfind\debug\week1_quickfind.write.1.tlog
e:\2.software\learning_reading\algorithm_princeton\algorithm_course_princeton\week1_quickfind\debug\w1_1_quickfind.exe.embed.manifest
e:\2.software\learning_reading\algorithm_princeton\algorithm_course_princeton\week1_quickfind\debug\w1_1_quickfind.exe.intermediate.manifest
e:\2.software\learning_reading\algorithm_princeton\algorithm_course_princeton\week1_quickfind\debug\week1_quickfind.exe.embed.manifest
e:\2.software\learning_reading\algorithm_princeton\algorithm_course_princeton\week1_quickfind\debug\week1_quickfind.exe.intermediate.manifest
e:\2.software\learning_reading\algorithm_princeton\algorithm_course_princeton\week1_quickfind\debug\w1_1_quickfind.exe.embed.manifest.res
e:\2.software\learning_reading\algorithm_princeton\algorithm_course_princeton\week1_quickfind\debug\week1_quickfind.exe.embed.manifest.res
e:\2.software\learning_reading\algorithm_princeton\algorithm_course_princeton\week1_quickfind\debug\vc100.idb
e:\2.software\learning_reading\algorithm_princeton\algorithm_course_princeton\week1_quickfind\debug\vc100.pdb
e:\2.software\learning_reading\algorithm_princeton\algorithm_course_princeton\week1_quickfind\debug\w1_1_quickfind_manifest.rc
e:\2.software\learning_reading\algorithm_princeton\algorithm_course_princeton\week1_quickfind\debug\week1_quickfind_manifest.rc
e:\2.software\learning_reading\algorithm_princeton\algorithm_course_princeton\week1_quickfind\debug\w1_1_quickfind.tlog\cl.command.1.tlog
e:\2.software\learning_reading\algorithm_princeton\algorithm_course_princeton\week1_quickfind\debug\w1_1_quickfind.tlog\cl.read.1.tlog
e:\2.software\learning_reading\algorithm_princeton\algorithm_course_princeton\week1_quickfind\debug\w1_1_quickfind.tlog\cl.write.1.tlog
e:\2.software\learning_reading\algorithm_princeton\algorithm_course_princeton\week1_quickfind\debug\w1_1_quickfind.tlog\link.command.1.tlog
e:\2.software\learning_reading\algorithm_princeton\algorithm_course_princeton\week1_quickfind\debug\w1_1_quickfind.tlog\link.delete.1.tlog
e:\2.software\learning_reading\algorithm_princeton\algorithm_course_princeton\week1_quickfind\debug\w1_1_quickfind.tlog\link.read.1.tlog
e:\2.software\learning_reading\algorithm_princeton\algorithm_course_princeton\week1_quickfind\debug\w1_1_quickfind.tlog\link.write.1.tlog
