D:\PROJECT\VS2010\ALGORITHM_COURSE_PRINCETON\DEBUG\W2_1_STACKS.EXE
D:\PROJECT\VS2010\ALGORITHM_COURSE_PRINCETON\DEBUG\W2_1_STACKS.ILK
D:\PROJECT\VS2010\ALGORITHM_COURSE_PRINCETON\DEBUG\W2_1_STACKS.PDB
D:\Project\vs2010\Algorithm_Course_Princeton\w2_1_stacks\Debug\cl.command.1.tlog
D:\Project\vs2010\Algorithm_Course_Princeton\w2_1_stacks\Debug\CL.read.1.tlog
D:\Project\vs2010\Algorithm_Course_Princeton\w2_1_stacks\Debug\CL.write.1.tlog
D:\Project\vs2010\Algorithm_Course_Princeton\w2_1_stacks\Debug\link.11076.read.1.tlog
D:\Project\vs2010\Algorithm_Course_Princeton\w2_1_stacks\Debug\link.11076.write.1.tlog
D:\Project\vs2010\Algorithm_Course_Princeton\w2_1_stacks\Debug\link.11076-cvtres.read.1.tlog
D:\Project\vs2010\Algorithm_Course_Princeton\w2_1_stacks\Debug\link.11076-cvtres.write.1.tlog
D:\Project\vs2010\Algorithm_Course_Princeton\w2_1_stacks\Debug\link.21096.read.1.tlog
D:\Project\vs2010\Algorithm_Course_Princeton\w2_1_stacks\Debug\link.21096.write.1.tlog
D:\Project\vs2010\Algorithm_Course_Princeton\w2_1_stacks\Debug\link.21096-cvtres.read.1.tlog
D:\Project\vs2010\Algorithm_Course_Princeton\w2_1_stacks\Debug\link.21096-cvtres.write.1.tlog
D:\Project\vs2010\Algorithm_Course_Princeton\w2_1_stacks\Debug\link.23208.read.1.tlog
D:\Project\vs2010\Algorithm_Course_Princeton\w2_1_stacks\Debug\link.23208.write.1.tlog
D:\Project\vs2010\Algorithm_Course_Princeton\w2_1_stacks\Debug\link.23208-cvtres.read.1.tlog
D:\Project\vs2010\Algorithm_Course_Princeton\w2_1_stacks\Debug\link.23208-cvtres.write.1.tlog
D:\Project\vs2010\Algorithm_Course_Princeton\w2_1_stacks\Debug\link.23424.read.1.tlog
D:\Project\vs2010\Algorithm_Course_Princeton\w2_1_stacks\Debug\link.23424.write.1.tlog
D:\Project\vs2010\Algorithm_Course_Princeton\w2_1_stacks\Debug\link.23424-cvtres.read.1.tlog
D:\Project\vs2010\Algorithm_Course_Princeton\w2_1_stacks\Debug\link.23424-cvtres.write.1.tlog
D:\Project\vs2010\Algorithm_Course_Princeton\w2_1_stacks\Debug\link.command.1.tlog
D:\Project\vs2010\Algorithm_Course_Princeton\w2_1_stacks\Debug\link.read.1.tlog
D:\Project\vs2010\Algorithm_Course_Princeton\w2_1_stacks\Debug\link.write.1.tlog
D:\Project\vs2010\Algorithm_Course_Princeton\w2_1_stacks\Debug\link-cvtres.read.1.tlog
D:\Project\vs2010\Algorithm_Course_Princeton\w2_1_stacks\Debug\link-cvtres.write.1.tlog
D:\Project\vs2010\Algorithm_Course_Princeton\w2_1_stacks\Debug\mt.command.1.tlog
D:\Project\vs2010\Algorithm_Course_Princeton\w2_1_stacks\Debug\mt.read.1.tlog
D:\Project\vs2010\Algorithm_Course_Princeton\w2_1_stacks\Debug\mt.write.1.tlog
D:\Project\vs2010\Algorithm_Course_Princeton\w2_1_stacks\Debug\rc.command.1.tlog
D:\Project\vs2010\Algorithm_Course_Princeton\w2_1_stacks\Debug\rc.read.1.tlog
D:\Project\vs2010\Algorithm_Course_Princeton\w2_1_stacks\Debug\rc.write.1.tlog
D:\PROJECT\VS2010\ALGORITHM_COURSE_PRINCETON\W2_1_STACKS\DEBUG\STACK_ARRAY.OBJ
D:\PROJECT\VS2010\ALGORITHM_COURSE_PRINCETON\W2_1_STACKS\DEBUG\STACK_LINKLIST.OBJ
D:\PROJECT\VS2010\ALGORITHM_COURSE_PRINCETON\W2_1_STACKS\DEBUG\STDAFX.OBJ
D:\Project\vs2010\Algorithm_Course_Princeton\w2_1_stacks\Debug\vc100.idb
D:\PROJECT\VS2010\ALGORITHM_COURSE_PRINCETON\W2_1_STACKS\DEBUG\VC100.PDB
D:\PROJECT\VS2010\ALGORITHM_COURSE_PRINCETON\W2_1_STACKS\DEBUG\W2_1_STACKS.EXE.EMBED.MANIFEST
D:\PROJECT\VS2010\ALGORITHM_COURSE_PRINCETON\W2_1_STACKS\DEBUG\W2_1_STACKS.EXE.EMBED.MANIFEST.RES
D:\PROJECT\VS2010\ALGORITHM_COURSE_PRINCETON\W2_1_STACKS\DEBUG\W2_1_STACKS.EXE.INTERMEDIATE.MANIFEST
D:\PROJECT\VS2010\ALGORITHM_COURSE_PRINCETON\W2_1_STACKS\DEBUG\W2_1_STACKS.OBJ
D:\PROJECT\VS2010\ALGORITHM_COURSE_PRINCETON\W2_1_STACKS\DEBUG\W2_1_STACKS.PCH
D:\Project\vs2010\Algorithm_Course_Princeton\w2_1_stacks\Debug\w2_1_stacks.vcxprojResolveAssemblyReference.cache
D:\Project\vs2010\Algorithm_Course_Princeton\w2_1_stacks\Debug\w2_1_stacks.write.1.tlog
D:\Project\vs2010\Algorithm_Course_Princeton\w2_1_stacks\Debug\w2_1_stacks_manifest.rc
