d:\project\vs2010\algorithm_course_princeton\week1_quickfind\week1_weightedquickunion\debug\week1_weightedquickunion.pch
d:\project\vs2010\algorithm_course_princeton\week1_quickfind\week1_weightedquickunion\debug\stdafx.obj
d:\project\vs2010\algorithm_course_princeton\week1_quickfind\week1_weightedquickunion\debug\vc100.pdb
d:\project\vs2010\algorithm_course_princeton\week1_quickfind\week1_weightedquickunion\debug\week1_weightedquickunion.obj
d:\project\vs2010\algorithm_course_princeton\week1_weightedquickunion\debug\w1_3_weightedquickunion.pch
d:\project\vs2010\algorithm_course_princeton\week1_weightedquickunion\debug\stdafx.obj
d:\project\vs2010\algorithm_course_princeton\week1_weightedquickunion\debug\vc100.pdb
d:\project\vs2010\algorithm_course_princeton\week1_weightedquickunion\debug\week1_weightedquickunion.obj
d:\project\vs2010\algorithm_course_princeton\week1_quickfind\debug\week1_weightedquickunion.ilk
d:\project\vs2010\algorithm_course_princeton\week1_quickfind\debug\week1_weightedquickunion.exe
d:\project\vs2010\algorithm_course_princeton\week1_quickfind\week1_weightedquickunion\debug\week1_weightedquickunion.exe.intermediate.manifest
d:\project\vs2010\algorithm_course_princeton\week1_quickfind\debug\week1_weightedquickunion.pdb
d:\project\vs2010\algorithm_course_princeton\debug\w1_3_weightedquickunion.ilk
d:\project\vs2010\algorithm_course_princeton\debug\w1_3_weightedquickunion.exe
d:\project\vs2010\algorithm_course_princeton\week1_weightedquickunion\debug\w1_3_weightedquickunion.exe.intermediate.manifest
d:\project\vs2010\algorithm_course_princeton\debug\w1_3_weightedquickunion.pdb
d:\project\vs2010\algorithm_course_princeton\week1_quickfind\week1_weightedquickunion\debug\week1_weightedquickunion.exe.embed.manifest
d:\project\vs2010\algorithm_course_princeton\week1_weightedquickunion\debug\w1_3_weightedquickunion.exe.embed.manifest
d:\project\vs2010\algorithm_course_princeton\week1_quickfind\week1_weightedquickunion\debug\week1_weightedquickunion.exe.embed.manifest.res
d:\project\vs2010\algorithm_course_princeton\week1_weightedquickunion\debug\w1_3_weightedquickunion.exe.embed.manifest.res
e:\2.software\learning_reading\algorithm_princeton\algorithm_course_princeton\week1_weightedquickunion\debug\w1_3_weightedquickunion.pch
e:\2.software\learning_reading\algorithm_princeton\algorithm_course_princeton\week1_weightedquickunion\debug\vc142.pdb
e:\2.software\learning_reading\algorithm_princeton\algorithm_course_princeton\week1_weightedquickunion\debug\vc142.idb
e:\2.software\learning_reading\algorithm_princeton\algorithm_course_princeton\week1_weightedquickunion\debug\stdafx.obj
e:\2.software\learning_reading\algorithm_princeton\algorithm_course_princeton\week1_weightedquickunion\debug\week1_weightedquickunion.obj
e:\2.software\learning_reading\algorithm_princeton\algorithm_course_princeton\debug\w1_3_weightedquickunion.ilk
e:\2.software\learning_reading\algorithm_princeton\algorithm_course_princeton\debug\w1_3_weightedquickunion.exe
e:\2.software\learning_reading\algorithm_princeton\algorithm_course_princeton\debug\w1_3_weightedquickunion.pdb
e:\2.software\learning_reading\algorithm_princeton\algorithm_course_princeton\week1_weightedquickunion\debug\week1_weightedquickunion.vcxprojresolveassemblyreference.cache
e:\2.software\learning_reading\algorithm_princeton\algorithm_course_princeton\week1_weightedquickunion\debug\cl.command.1.tlog
e:\2.software\learning_reading\algorithm_princeton\algorithm_course_princeton\week1_weightedquickunion\debug\cl.read.1.tlog
e:\2.software\learning_reading\algorithm_princeton\algorithm_course_princeton\week1_weightedquickunion\debug\cl.write.1.tlog
e:\2.software\learning_reading\algorithm_princeton\algorithm_course_princeton\week1_weightedquickunion\debug\link-cvtres.read.1.tlog
e:\2.software\learning_reading\algorithm_princeton\algorithm_course_princeton\week1_weightedquickunion\debug\link-cvtres.write.1.tlog
e:\2.software\learning_reading\algorithm_princeton\algorithm_course_princeton\week1_weightedquickunion\debug\link.23264-cvtres.read.1.tlog
e:\2.software\learning_reading\algorithm_princeton\algorithm_course_princeton\week1_weightedquickunion\debug\link.23264-cvtres.write.1.tlog
e:\2.software\learning_reading\algorithm_princeton\algorithm_course_princeton\week1_weightedquickunion\debug\link.23264.read.1.tlog
e:\2.software\learning_reading\algorithm_princeton\algorithm_course_princeton\week1_weightedquickunion\debug\link.23264.write.1.tlog
e:\2.software\learning_reading\algorithm_princeton\algorithm_course_princeton\week1_weightedquickunion\debug\link.476-cvtres.read.1.tlog
e:\2.software\learning_reading\algorithm_princeton\algorithm_course_princeton\week1_weightedquickunion\debug\link.476-cvtres.write.1.tlog
e:\2.software\learning_reading\algorithm_princeton\algorithm_course_princeton\week1_weightedquickunion\debug\link.476.read.1.tlog
e:\2.software\learning_reading\algorithm_princeton\algorithm_course_princeton\week1_weightedquickunion\debug\link.476.write.1.tlog
e:\2.software\learning_reading\algorithm_princeton\algorithm_course_princeton\week1_weightedquickunion\debug\link.command.1.tlog
e:\2.software\learning_reading\algorithm_princeton\algorithm_course_princeton\week1_weightedquickunion\debug\link.read.1.tlog
e:\2.software\learning_reading\algorithm_princeton\algorithm_course_princeton\week1_weightedquickunion\debug\link.write.1.tlog
e:\2.software\learning_reading\algorithm_princeton\algorithm_course_princeton\week1_weightedquickunion\debug\mt.command.1.tlog
e:\2.software\learning_reading\algorithm_princeton\algorithm_course_princeton\week1_weightedquickunion\debug\mt.read.1.tlog
e:\2.software\learning_reading\algorithm_princeton\algorithm_course_princeton\week1_weightedquickunion\debug\mt.write.1.tlog
e:\2.software\learning_reading\algorithm_princeton\algorithm_course_princeton\week1_weightedquickunion\debug\rc.command.1.tlog
e:\2.software\learning_reading\algorithm_princeton\algorithm_course_princeton\week1_weightedquickunion\debug\rc.read.1.tlog
e:\2.software\learning_reading\algorithm_princeton\algorithm_course_princeton\week1_weightedquickunion\debug\rc.write.1.tlog
e:\2.software\learning_reading\algorithm_princeton\algorithm_course_princeton\week1_weightedquickunion\debug\w1_3_weightedquickunion.write.1.tlog
e:\2.software\learning_reading\algorithm_princeton\algorithm_course_princeton\week1_weightedquickunion\debug\week1_weightedquickunion.write.1.tlog
e:\2.software\learning_reading\algorithm_princeton\algorithm_course_princeton\week1_weightedquickunion\debug\w1_3_weightedquickunion.exe.embed.manifest
e:\2.software\learning_reading\algorithm_princeton\algorithm_course_princeton\week1_weightedquickunion\debug\w1_3_weightedquickunion.exe.intermediate.manifest
e:\2.software\learning_reading\algorithm_princeton\algorithm_course_princeton\week1_weightedquickunion\debug\week1_weightedquickunion.exe.embed.manifest
e:\2.software\learning_reading\algorithm_princeton\algorithm_course_princeton\week1_weightedquickunion\debug\week1_weightedquickunion.exe.intermediate.manifest
e:\2.software\learning_reading\algorithm_princeton\algorithm_course_princeton\week1_weightedquickunion\debug\w1_3_weightedquickunion.exe.embed.manifest.res
e:\2.software\learning_reading\algorithm_princeton\algorithm_course_princeton\week1_weightedquickunion\debug\week1_weightedquickunion.exe.embed.manifest.res
e:\2.software\learning_reading\algorithm_princeton\algorithm_course_princeton\week1_weightedquickunion\debug\vc100.idb
e:\2.software\learning_reading\algorithm_princeton\algorithm_course_princeton\week1_weightedquickunion\debug\vc100.pdb
e:\2.software\learning_reading\algorithm_princeton\algorithm_course_princeton\week1_weightedquickunion\debug\w1_3_weightedquickunion_manifest.rc
e:\2.software\learning_reading\algorithm_princeton\algorithm_course_princeton\week1_weightedquickunion\debug\week1_weightedquickunion_manifest.rc
e:\2.software\learning_reading\algorithm_princeton\algorithm_course_princeton\week1_weightedquickunion\debug\w1_3_wei.f6ef42ce.tlog\cl.command.1.tlog
e:\2.software\learning_reading\algorithm_princeton\algorithm_course_princeton\week1_weightedquickunion\debug\w1_3_wei.f6ef42ce.tlog\cl.read.1.tlog
e:\2.software\learning_reading\algorithm_princeton\algorithm_course_princeton\week1_weightedquickunion\debug\w1_3_wei.f6ef42ce.tlog\cl.write.1.tlog
e:\2.software\learning_reading\algorithm_princeton\algorithm_course_princeton\week1_weightedquickunion\debug\w1_3_wei.f6ef42ce.tlog\link.command.1.tlog
e:\2.software\learning_reading\algorithm_princeton\algorithm_course_princeton\week1_weightedquickunion\debug\w1_3_wei.f6ef42ce.tlog\link.delete.1.tlog
e:\2.software\learning_reading\algorithm_princeton\algorithm_course_princeton\week1_weightedquickunion\debug\w1_3_wei.f6ef42ce.tlog\link.read.1.tlog
e:\2.software\learning_reading\algorithm_princeton\algorithm_course_princeton\week1_weightedquickunion\debug\w1_3_wei.f6ef42ce.tlog\link.write.1.tlog
