生成启动时间为 2019/9/16 14:36:19。
     1>项目“D:\Project\vs2010\Algorithm_Course_Princeton\Week1_QuickFind\Week1_WeightedQuickUnion\Week1_WeightedQuickUnion.vcxproj”在节点 2 上(build 个目标)。
     1>InitializeBuildStatus:
         正在创建“Debug\Week1_WeightedQuickUnion.unsuccessfulbuild”，因为已指定“AlwaysCreate”。
       ClCompile:
         所有输出均为最新。
         C:\Program Files (x86)\Microsoft Visual Studio 10.0\VC\bin\CL.exe /c /I"C:\Program Files (x86)\Visual Leak Detector\include" /ZI /nologo /W3 /WX- /Od /Oy- /D WIN32 /D _DEBUG /D _CONSOLE /D _UNICODE /D UNICODE /Gm /EHsc /RTC1 /MDd /GS /fp:precise /Zc:wchar_t /Zc:forScope /Yu"StdAfx.h" /Fp"Debug\Week1_WeightedQuickUnion.pch" /Fo"Debug\\" /Fd"Debug\vc100.pdb" /Gd /TP /analyze- /errorReport:prompt Week1_WeightedQuickUnion.cpp
         Week1_WeightedQuickUnion.cpp
       ManifestResourceCompile:
         所有输出均为最新。
       Link:
         C:\Program Files (x86)\Microsoft Visual Studio 10.0\VC\bin\link.exe /ERRORREPORT:PROMPT /OUT:"D:\Project\vs2010\Algorithm_Course_Princeton\Week1_QuickFind\Debug\Week1_WeightedQuickUnion.exe" /INCREMENTAL /NOLOGO /LIBPATH:"C:\Program Files (x86)\Visual Leak Detector\lib\Win32" kernel32.lib user32.lib gdi32.lib winspool.lib comdlg32.lib advapi32.lib shell32.lib ole32.lib oleaut32.lib uuid.lib odbc32.lib odbccp32.lib /MANIFEST /ManifestFile:"Debug\Week1_WeightedQuickUnion.exe.intermediate.manifest" /MANIFESTUAC:"level='asInvoker' uiAccess='false'" /DEBUG /PDB:"D:\Project\vs2010\Algorithm_Course_Princeton\Week1_QuickFind\Debug\Week1_WeightedQuickUnion.pdb" /SUBSYSTEM:CONSOLE /TLBID:1 /DYNAMICBASE /NXCOMPAT /IMPLIB:"D:\Project\vs2010\Algorithm_Course_Princeton\Week1_QuickFind\Debug\Week1_WeightedQuickUnion.lib" /MACHINE:X86 Debug\Week1_WeightedQuickUnion.exe.embed.manifest.res
         Debug\stdafx.obj
         Debug\Week1_WeightedQuickUnion.obj
       Manifest:
         C:\Program Files (x86)\Microsoft SDKs\Windows\v7.0A\bin\mt.exe /nologo /verbose /out:"Debug\Week1_WeightedQuickUnion.exe.embed.manifest" /manifest Debug\Week1_WeightedQuickUnion.exe.intermediate.manifest
         所有输出均为最新。
       LinkEmbedManifest:
         所有输出均为最新。
         Week1_WeightedQuickUnion.vcxproj -> D:\Project\vs2010\Algorithm_Course_Princeton\Week1_QuickFind\Debug\Week1_WeightedQuickUnion.exe
       FinalizeBuildStatus:
         正在删除文件“Debug\Week1_WeightedQuickUnion.unsuccessfulbuild”。
         正在对“Debug\Week1_WeightedQuickUnion.lastbuildstate”执行 Touch 任务。
     1>已完成生成项目“D:\Project\vs2010\Algorithm_Course_Princeton\Week1_QuickFind\Week1_WeightedQuickUnion\Week1_WeightedQuickUnion.vcxproj”(build 个目标)的操作。

生成成功。

已用时间 00:00:01.27
