生成启动时间为 2019/9/17 11:36:00。
     1>项目“D:\Project\vs2010\Algorithm_Course_Princeton\w2_2_queue\w2_2_queue.vcxproj”在节点 2 上(build 个目标)。
     1>InitializeBuildStatus:
         正在创建“Debug\w2_2_queue.unsuccessfulbuild”，因为已指定“AlwaysCreate”。
       ClCompile:
         所有输出均为最新。
         C:\Program Files (x86)\Microsoft Visual Studio 10.0\VC\bin\CL.exe /c /I"C:\Program Files (x86)\Visual Leak Detector\include" /ZI /nologo /W3 /WX- /Od /Oy- /D WIN32 /D _DEBUG /D _CONSOLE /D _UNICODE /D UNICODE /Gm /EHsc /RTC1 /MDd /GS /fp:precise /Zc:wchar_t /Zc:forScope /Yu"StdAfx.h" /Fp"Debug\w2_2_queue.pch" /Fo"Debug\\" /Fd"Debug\vc100.pdb" /Gd /TP /analyze- /errorReport:prompt Queue_Array.cpp w2_2_queue.cpp
         Queue_Array.cpp
         正在生成代码...
         正在编译...
         w2_2_queue.cpp
         正在生成代码...
       ManifestResourceCompile:
         所有输出均为最新。
       Link:
         C:\Program Files (x86)\Microsoft Visual Studio 10.0\VC\bin\link.exe /ERRORREPORT:PROMPT /OUT:"D:\Project\vs2010\Algorithm_Course_Princeton\Debug\w2_2_queue.exe" /INCREMENTAL /NOLOGO /LIBPATH:"C:\Program Files (x86)\Visual Leak Detector\lib\Win32" kernel32.lib user32.lib gdi32.lib winspool.lib comdlg32.lib advapi32.lib shell32.lib ole32.lib oleaut32.lib uuid.lib odbc32.lib odbccp32.lib /MANIFEST /ManifestFile:"Debug\w2_2_queue.exe.intermediate.manifest" /MANIFESTUAC:"level='asInvoker' uiAccess='false'" /DEBUG /PDB:"D:\Project\vs2010\Algorithm_Course_Princeton\Debug\w2_2_queue.pdb" /SUBSYSTEM:CONSOLE /TLBID:1 /DYNAMICBASE /NXCOMPAT /IMPLIB:"D:\Project\vs2010\Algorithm_Course_Princeton\Debug\w2_2_queue.lib" /MACHINE:X86 Debug\w2_2_queue.exe.embed.manifest.res
         Debug\Queue_Array.obj
         Debug\Queue_LinkList.obj
         Debug\stdafx.obj
         Debug\w2_2_queue.obj
       Manifest:
         C:\Program Files (x86)\Microsoft SDKs\Windows\v7.0A\bin\mt.exe /nologo /verbose /out:"Debug\w2_2_queue.exe.embed.manifest" /manifest Debug\w2_2_queue.exe.intermediate.manifest
         所有输出均为最新。
       LinkEmbedManifest:
         所有输出均为最新。
         w2_2_queue.vcxproj -> D:\Project\vs2010\Algorithm_Course_Princeton\Debug\w2_2_queue.exe
       FinalizeBuildStatus:
         正在删除文件“Debug\w2_2_queue.unsuccessfulbuild”。
         正在对“Debug\w2_2_queue.lastbuildstate”执行 Touch 任务。
     1>已完成生成项目“D:\Project\vs2010\Algorithm_Course_Princeton\w2_2_queue\w2_2_queue.vcxproj”(build 个目标)的操作。

生成成功。

已用时间 00:00:01.11
