生成启动时间为 2019/9/17 17:38:13。
     1>项目“D:\Project\vs2010\Algorithm_Course_Princeton\w4_6_MergeSort\w4_6_MergeSort.vcxproj”在节点 2 上(build 个目标)。
     1>InitializeBuildStatus:
         正在创建“Debug\w4_6_MergeSort.unsuccessfulbuild”，因为已指定“AlwaysCreate”。
       ClCompile:
         C:\Program Files (x86)\Microsoft Visual Studio 10.0\VC\bin\CL.exe /c /I"C:\Program Files (x86)\Visual Leak Detector\include" /ZI /nologo /W3 /WX- /Od /Oy- /D WIN32 /D _DEBUG /D _CONSOLE /D _UNICODE /D UNICODE /Gm /EHsc /RTC1 /MDd /GS /fp:precise /Zc:wchar_t /Zc:forScope /Yc"StdAfx.h" /Fp"Debug\w4_6_MergeSort.pch" /Fo"Debug\\" /Fd"Debug\vc100.pdb" /Gd /TP /analyze- /errorReport:prompt stdafx.cpp
         stdafx.cpp
         C:\Program Files (x86)\Microsoft Visual Studio 10.0\VC\bin\CL.exe /c /I"C:\Program Files (x86)\Visual Leak Detector\include" /ZI /nologo /W3 /WX- /Od /Oy- /D WIN32 /D _DEBUG /D _CONSOLE /D _UNICODE /D UNICODE /Gm /EHsc /RTC1 /MDd /GS /fp:precise /Zc:wchar_t /Zc:forScope /Yu"StdAfx.h" /Fp"Debug\w4_6_MergeSort.pch" /Fo"Debug\\" /Fd"Debug\vc100.pdb" /Gd /TP /analyze- /errorReport:prompt w4_6_MergeSort.cpp
         w4_6_MergeSort.cpp
       ManifestResourceCompile:
         C:\Program Files (x86)\Microsoft SDKs\Windows\v7.0A\bin\rc.exe /nologo /fo"Debug\w4_6_MergeSort.exe.embed.manifest.res" Debug\w4_6_MergeSort_manifest.rc 
       Link:
         C:\Program Files (x86)\Microsoft Visual Studio 10.0\VC\bin\link.exe /ERRORREPORT:PROMPT /OUT:"D:\Project\vs2010\Algorithm_Course_Princeton\Debug\w4_6_MergeSort.exe" /INCREMENTAL /NOLOGO /LIBPATH:"C:\Program Files (x86)\Visual Leak Detector\lib\Win32" kernel32.lib user32.lib gdi32.lib winspool.lib comdlg32.lib advapi32.lib shell32.lib ole32.lib oleaut32.lib uuid.lib odbc32.lib odbccp32.lib /MANIFEST /ManifestFile:"Debug\w4_6_MergeSort.exe.intermediate.manifest" /MANIFESTUAC:"level='asInvoker' uiAccess='false'" /DEBUG /PDB:"D:\Project\vs2010\Algorithm_Course_Princeton\Debug\w4_6_MergeSort.pdb" /SUBSYSTEM:CONSOLE /TLBID:1 /DYNAMICBASE /NXCOMPAT /IMPLIB:"D:\Project\vs2010\Algorithm_Course_Princeton\Debug\w4_6_MergeSort.lib" /MACHINE:X86 Debug\w4_6_MergeSort.exe.embed.manifest.res
         Debug\stdafx.obj
         Debug\w4_6_MergeSort.obj
       Manifest:
         C:\Program Files (x86)\Microsoft SDKs\Windows\v7.0A\bin\mt.exe /nologo /verbose /out:"Debug\w4_6_MergeSort.exe.embed.manifest" /manifest Debug\w4_6_MergeSort.exe.intermediate.manifest
         C:\Program Files (x86)\Microsoft SDKs\Windows\v7.0A\bin\rc.exe /nologo /fo"Debug\w4_6_MergeSort.exe.embed.manifest.res" Debug\w4_6_MergeSort_manifest.rc 
       LinkEmbedManifest:
         C:\Program Files (x86)\Microsoft Visual Studio 10.0\VC\bin\link.exe /ERRORREPORT:PROMPT /OUT:"D:\Project\vs2010\Algorithm_Course_Princeton\Debug\w4_6_MergeSort.exe" /INCREMENTAL /NOLOGO /LIBPATH:"C:\Program Files (x86)\Visual Leak Detector\lib\Win32" kernel32.lib user32.lib gdi32.lib winspool.lib comdlg32.lib advapi32.lib shell32.lib ole32.lib oleaut32.lib uuid.lib odbc32.lib odbccp32.lib /MANIFEST /ManifestFile:"Debug\w4_6_MergeSort.exe.intermediate.manifest" /MANIFESTUAC:"level='asInvoker' uiAccess='false'" /DEBUG /PDB:"D:\Project\vs2010\Algorithm_Course_Princeton\Debug\w4_6_MergeSort.pdb" /SUBSYSTEM:CONSOLE /TLBID:1 /DYNAMICBASE /NXCOMPAT /IMPLIB:"D:\Project\vs2010\Algorithm_Course_Princeton\Debug\w4_6_MergeSort.lib" /MACHINE:X86 Debug\w4_6_MergeSort.exe.embed.manifest.res
         Debug\stdafx.obj
         Debug\w4_6_MergeSort.obj
         w4_6_MergeSort.vcxproj -> D:\Project\vs2010\Algorithm_Course_Princeton\Debug\w4_6_MergeSort.exe
       FinalizeBuildStatus:
         正在删除文件“Debug\w4_6_MergeSort.unsuccessfulbuild”。
         正在对“Debug\w4_6_MergeSort.lastbuildstate”执行 Touch 任务。
     1>已完成生成项目“D:\Project\vs2010\Algorithm_Course_Princeton\w4_6_MergeSort\w4_6_MergeSort.vcxproj”(build 个目标)的操作。

生成成功。

已用时间 00:00:02.87
